{"name": "test_Login_with_all_registeredfieldnetb", "status": "broken", "statusDetails": {"message": "selenium.common.exceptions.NoSuchWindowException: Message: no such window: target window already closed\nfrom unknown error: web view not found\n  (Session info: chrome=114.0.5735.134)\nStacktrace:\nBacktrace:\n\tGetHandleVerifier [0x00FDA813+48355]\n\t(No symbol) [0x00F6C4B1]\n\t(No symbol) [0x00E75358]\n\t(No symbol) [0x00E5D293]\n\t(No symbol) [0x00EBE37B]\n\t(No symbol) [0x00ECC473]\n\t(No symbol) [0x00EBA536]\n\t(No symbol) [0x00E982DC]\n\t(No symbol) [0x00E993DD]\n\tGetHandleVerifier [0x0123AABD+2539405]\n\tGetHandleVerifier [0x0127A78F+2800735]\n\tGetHandleVerifier [0x0127456C+2775612]\n\tGetHandleVerifier [0x010651E0+616112]\n\t(No symbol) [0x00F75F8C]\n\t(No symbol) [0x00F72328]\n\t(No symbol) [0x00F7240B]\n\t(No symbol) [0x00F64FF7]\n\tBaseThreadInitThunk [0x75BA7D59+25]\n\tRtlInitializeExceptionChain [0x774DB74B+107]\n\tRtlClearBits [0x774DB6CF+191]", "trace": "self = <tetscases.test_productcheckout.TestLogin object at 0x000002300B203790>\n\n    @pytest.mark.sanity\n    @pytest.mark.regression\n    def test_Login_with_all_registeredfieldnetb(self):\n        self.logger.info(\"*****************Test valid product with cod  started****************************\")\n        product_page = ProductPage(self.driver)\n>       product_page.valid_title()\n\ntetscases\\test_productcheckout.py:86: \n_ _ _ _ _ _ _ _ _ _ _ _ _ _ _ _ _ _ _ _ _ _ _ _ _ _ _ _ _ _ _ _ _ _ _ _ _ _ _ _\npages\\itemcheckout_page.py:54: in valid_title\n    if act_title == self.driver.title:\nvenv\\Lib\\site-packages\\selenium\\webdriver\\remote\\webdriver.py:366: in title\n    return self.execute(Command.GET_TITLE).get(\"value\", \"\")\nvenv\\Lib\\site-packages\\selenium\\webdriver\\remote\\webdriver.py:346: in execute\n    self.error_handler.check_response(response)\n_ _ _ _ _ _ _ _ _ _ _ _ _ _ _ _ _ _ _ _ _ _ _ _ _ _ _ _ _ _ _ _ _ _ _ _ _ _ _ _\n\nself = <selenium.webdriver.remote.errorhandler.ErrorHandler object at 0x000002300B3F9650>\nresponse = {'status': 404, 'value': '{\"value\":{\"error\":\"no such window\",\"message\":\"no such window: target window already closed\\\\...dInitThunk [0x75BA7D59+25]\\\\n\\\\tRtlInitializeExceptionChain [0x774DB74B+107]\\\\n\\\\tRtlClearBits [0x774DB6CF+191]\\\\n\"}}'}\n\n    def check_response(self, response: Dict[str, Any]) -> None:\n        \"\"\"Checks that a JSON response from the WebDriver does not have an\n        error.\n    \n        :Args:\n         - response - The JSON response from the WebDriver server as a dictionary\n           object.\n    \n        :Raises: If the response contains an error message.\n        \"\"\"\n        status = response.get(\"status\", None)\n        if not status or status == ErrorCode.SUCCESS:\n            return\n        value = None\n        message = response.get(\"message\", \"\")\n        screen: str = response.get(\"screen\", \"\")\n        stacktrace = None\n        if isinstance(status, int):\n            value_json = response.get(\"value\", None)\n            if value_json and isinstance(value_json, str):\n                import json\n    \n                try:\n                    value = json.loads(value_json)\n                    if len(value) == 1:\n                        value = value[\"value\"]\n                    status = value.get(\"error\", None)\n                    if not status:\n                        status = value.get(\"status\", ErrorCode.UNKNOWN_ERROR)\n                        message = value.get(\"value\") or value.get(\"message\")\n                        if not isinstance(message, str):\n                            value = message\n                            message = message.get(\"message\")\n                    else:\n                        message = value.get(\"message\", None)\n                except ValueError:\n                    pass\n    \n        exception_class: Type[WebDriverException]\n        if status in ErrorCode.NO_SUCH_ELEMENT:\n            exception_class = NoSuchElementException\n        elif status in ErrorCode.NO_SUCH_FRAME:\n            exception_class = NoSuchFrameException\n        elif status in ErrorCode.NO_SUCH_SHADOW_ROOT:\n            exception_class = NoSuchShadowRootException\n        elif status in ErrorCode.NO_SUCH_WINDOW:\n            exception_class = NoSuchWindowException\n        elif status in ErrorCode.STALE_ELEMENT_REFERENCE:\n            exception_class = StaleElementReferenceException\n        elif status in ErrorCode.ELEMENT_NOT_VISIBLE:\n            exception_class = ElementNotVisibleException\n        elif status in ErrorCode.INVALID_ELEMENT_STATE:\n            exception_class = InvalidElementStateException\n        elif (\n            status in ErrorCode.INVALID_SELECTOR\n            or status in ErrorCode.INVALID_XPATH_SELECTOR\n            or status in ErrorCode.INVALID_XPATH_SELECTOR_RETURN_TYPER\n        ):\n            exception_class = InvalidSelectorException\n        elif status in ErrorCode.ELEMENT_IS_NOT_SELECTABLE:\n            exception_class = ElementNotSelectableException\n        elif status in ErrorCode.ELEMENT_NOT_INTERACTABLE:\n            exception_class = ElementNotInteractableException\n        elif status in ErrorCode.INVALID_COOKIE_DOMAIN:\n            exception_class = InvalidCookieDomainException\n        elif status in ErrorCode.UNABLE_TO_SET_COOKIE:\n            exception_class = UnableToSetCookieException\n        elif status in ErrorCode.TIMEOUT:\n            exception_class = TimeoutException\n        elif status in ErrorCode.SCRIPT_TIMEOUT:\n            exception_class = TimeoutException\n        elif status in ErrorCode.UNKNOWN_ERROR:\n            exception_class = WebDriverException\n        elif status in ErrorCode.UNEXPECTED_ALERT_OPEN:\n            exception_class = UnexpectedAlertPresentException\n        elif status in ErrorCode.NO_ALERT_OPEN:\n            exception_class = NoAlertPresentException\n        elif status in ErrorCode.IME_NOT_AVAILABLE:\n            exception_class = ImeNotAvailableException\n        elif status in ErrorCode.IME_ENGINE_ACTIVATION_FAILED:\n            exception_class = ImeActivationFailedException\n        elif status in ErrorCode.MOVE_TARGET_OUT_OF_BOUNDS:\n            exception_class = MoveTargetOutOfBoundsException\n        elif status in ErrorCode.JAVASCRIPT_ERROR:\n            exception_class = JavascriptException\n        elif status in ErrorCode.SESSION_NOT_CREATED:\n            exception_class = SessionNotCreatedException\n        elif status in ErrorCode.INVALID_ARGUMENT:\n            exception_class = InvalidArgumentException\n        elif status in ErrorCode.NO_SUCH_COOKIE:\n            exception_class = NoSuchCookieException\n        elif status in ErrorCode.UNABLE_TO_CAPTURE_SCREEN:\n            exception_class = ScreenshotException\n        elif status in ErrorCode.ELEMENT_CLICK_INTERCEPTED:\n            exception_class = ElementClickInterceptedException\n        elif status in ErrorCode.INSECURE_CERTIFICATE:\n            exception_class = InsecureCertificateException\n        elif status in ErrorCode.INVALID_COORDINATES:\n            exception_class = InvalidCoordinatesException\n        elif status in ErrorCode.INVALID_SESSION_ID:\n            exception_class = InvalidSessionIdException\n        elif status in ErrorCode.UNKNOWN_METHOD:\n            exception_class = UnknownMethodException\n        else:\n            exception_class = WebDriverException\n        if not value:\n            value = response[\"value\"]\n        if isinstance(value, str):\n            raise exception_class(value)\n        if message == \"\" and \"message\" in value:\n            message = value[\"message\"]\n    \n        screen = None  # type: ignore[assignment]\n        if \"screen\" in value:\n            screen = value[\"screen\"]\n    \n        stacktrace = None\n        st_value = value.get(\"stackTrace\") or value.get(\"stacktrace\")\n        if st_value:\n            if isinstance(st_value, str):\n                stacktrace = st_value.split(\"\\n\")\n            else:\n                stacktrace = []\n                try:\n                    for frame in st_value:\n                        line = frame.get(\"lineNumber\", \"\")\n                        file = frame.get(\"fileName\", \"<anonymous>\")\n                        if line:\n                            file = f\"{file}:{line}\"\n                        meth = frame.get(\"methodName\", \"<anonymous>\")\n                        if \"className\" in frame:\n                            meth = f\"{frame['className']}.{meth}\"\n                        msg = \"    at %s (%s)\"\n                        msg = msg % (meth, file)\n                        stacktrace.append(msg)\n                except TypeError:\n                    pass\n        if exception_class == UnexpectedAlertPresentException:\n            alert_text = None\n            if \"data\" in value:\n                alert_text = value[\"data\"].get(\"text\")\n            elif \"alert\" in value:\n                alert_text = value[\"alert\"].get(\"text\")\n            raise exception_class(message, screen, stacktrace, alert_text)  # type: ignore[call-arg]  # mypy is not smart enough here\n>       raise exception_class(message, screen, stacktrace)\nE       selenium.common.exceptions.NoSuchWindowException: Message: no such window: target window already closed\nE       from unknown error: web view not found\nE         (Session info: chrome=114.0.5735.134)\nE       Stacktrace:\nE       Backtrace:\nE       \tGetHandleVerifier [0x00FDA813+48355]\nE       \t(No symbol) [0x00F6C4B1]\nE       \t(No symbol) [0x00E75358]\nE       \t(No symbol) [0x00E5D293]\nE       \t(No symbol) [0x00EBE37B]\nE       \t(No symbol) [0x00ECC473]\nE       \t(No symbol) [0x00EBA536]\nE       \t(No symbol) [0x00E982DC]\nE       \t(No symbol) [0x00E993DD]\nE       \tGetHandleVerifier [0x0123AABD+2539405]\nE       \tGetHandleVerifier [0x0127A78F+2800735]\nE       \tGetHandleVerifier [0x0127456C+2775612]\nE       \tGetHandleVerifier [0x010651E0+616112]\nE       \t(No symbol) [0x00F75F8C]\nE       \t(No symbol) [0x00F72328]\nE       \t(No symbol) [0x00F7240B]\nE       \t(No symbol) [0x00F64FF7]\nE       \tBaseThreadInitThunk [0x75BA7D59+25]\nE       \tRtlInitializeExceptionChain [0x774DB74B+107]\nE       \tRtlClearBits [0x774DB6CF+191]\n\nvenv\\Lib\\site-packages\\selenium\\webdriver\\remote\\errorhandler.py:245: NoSuchWindowException"}, "attachments": [{"name": "log", "source": "c298369c-48ef-4d46-a2b8-3ab90b505a80-attachment.txt", "type": "text/plain"}], "start": 1687339559288, "stop": 1687339559298, "uuid": "8fbe3614-7344-4933-bc58-57d50b5c4482", "historyId": "091b00d27ce81e610841db54372e4ef8", "testCaseId": "091b00d27ce81e610841db54372e4ef8", "fullName": "tetscases.test_productcheckout.TestLogin#test_Login_with_all_registeredfieldnetb", "labels": [{"name": "tag", "value": "regression"}, {"name": "tag", "value": "sanity"}, {"name": "tag", "value": "@pytest.mark.usefixtures('setup1')"}, {"name": "parentSuite", "value": "tetscases"}, {"name": "suite", "value": "test_productcheckout"}, {"name": "subSuite", "value": "TestLogin"}, {"name": "host", "value": "LAPTOP-925DVR4J"}, {"name": "thread", "value": "27116-MainThread"}, {"name": "framework", "value": "pytest"}, {"name": "language", "value": "cpython3"}, {"name": "package", "value": "tetscases.test_productcheckout"}]}